[0.053s] Invoking command in '/home/ubuntu/NPRPS_Ros/Camero_VRPN/build/Camero_VRPN': /usr/bin/cmake --build /home/ubuntu/NPRPS_Ros/Camero_VRPN/build/Camero_VRPN -- -j4 -l4
[0.227s] [35m[1mScanning dependencies of target move_forward[0m
[0.394s] [ 50%] [32mBuilding CXX object CMakeFiles/move_forward.dir/src/move_forward.cpp.o[0m
[8.461s] [01m[K/home/ubuntu/NPRPS_Ros/Camero_VRPN/src/move_forward.cpp:24:29:[m[K [01;31m[Kerror: [m[Kâ€˜[01m[Kgeometry_msgs::msg::TwistStamped[m[Kâ€™ has not been declared
[8.462s]    24 |         void topic_callback([01;31m[Kgeometry_msgs[m[K::msg::TwistStamped message){
[8.463s]       |                             [01;31m[K^~~~~~~~~~~~~[m[K
[8.464s] [01m[K/home/ubuntu/NPRPS_Ros/Camero_VRPN/src/move_forward.cpp:92:25:[m[K [01;31m[Kerror: [m[Kâ€˜[01m[KTwistStamped[m[Kâ€™ in namespace â€˜[01m[Kgeometry_msgs::msg[m[Kâ€™ does not name a type; did you mean â€˜[01m[KPoseStamped[m[Kâ€™?
[8.465s]    92 |     geometry_msgs::msg::[01;31m[KTwistStamped[m[K real_PoseStampd;
[8.465s]       |                         [01;31m[K^~~~~~~~~~~~[m[K
[8.466s]       |                         [32m[KPoseStamped[m[K
[8.467s] [01m[K/home/ubuntu/NPRPS_Ros/Camero_VRPN/src/move_forward.cpp:93:46:[m[K [01;31m[Kerror: [m[Kâ€˜[01m[KTwistStamped[m[Kâ€™ is not a member of â€˜[01m[Kgeometry_msgs::msg[m[Kâ€™; did you mean â€˜[01m[KPoseStamped[m[Kâ€™?
[8.468s]    93 |     rclcpp::Subscription<geometry_msgs::msg::[01;31m[KTwistStamped[m[K>::SharedPtr subscription_;
[8.468s]       |                                              [01;31m[K^~~~~~~~~~~~[m[K
[8.469s]       |                                              [32m[KPoseStamped[m[K
[8.470s] [01m[K/home/ubuntu/NPRPS_Ros/Camero_VRPN/src/move_forward.cpp:93:58:[m[K [01;31m[Kerror: [m[Ktemplate argument 1 is invalid
[8.470s]    93 |     rclcpp::Subscription<geometry_msgs::msg::TwistStamped[01;31m[K>[m[K::SharedPtr subscription_;
[8.471s]       |                                                          [01;31m[K^[m[K
[8.472s] [01m[K/home/ubuntu/NPRPS_Ros/Camero_VRPN/src/move_forward.cpp:93:58:[m[K [01;31m[Kerror: [m[Ktemplate argument 3 is invalid
[8.472s] [01m[K/home/ubuntu/NPRPS_Ros/Camero_VRPN/src/move_forward.cpp:93:61:[m[K [01;31m[Kerror: [m[Kexpected â€˜[01m[K;[m[Kâ€™ at end of member declaration
[8.473s]    93 |     rclcpp::Subscription<geometry_msgs::msg::TwistStamped>::[01;31m[KSharedPtr[m[K subscription_;
[8.474s]       |                                                             [01;31m[K^~~~~~~~~[m[K
[8.474s]       |                                                                      [32m[K;[m[K
[8.474s] [01m[K/home/ubuntu/NPRPS_Ros/Camero_VRPN/src/move_forward.cpp:93:71:[m[K [01;31m[Kerror: [m[Kâ€˜[01m[Ksubscription_[m[Kâ€™ does not name a type; did you mean â€˜[01m[Krcl_subscription_t[m[Kâ€™?
[8.475s]    93 |     rclcpp::Subscription<geometry_msgs::msg::TwistStamped>::SharedPtr [01;31m[Ksubscription_[m[K;
[8.475s]       |                                                                       [01;31m[K^~~~~~~~~~~~~[m[K
[8.476s]       |                                                                       [32m[Krcl_subscription_t[m[K
[8.482s] [01m[K/home/ubuntu/NPRPS_Ros/Camero_VRPN/src/move_forward.cpp:[m[K In constructor â€˜[01m[KMotion::Motion()[m[Kâ€™:
[8.483s] [01m[K/home/ubuntu/NPRPS_Ros/Camero_VRPN/src/move_forward.cpp:15:13:[m[K [01;31m[Kerror: [m[Kâ€˜[01m[Ksubscription_[m[Kâ€™ was not declared in this scope; did you mean â€˜[01m[Krcl_subscription_t[m[Kâ€™?
[8.483s]    15 |             [01;31m[Ksubscription_[m[K = this->create_subscription<geometry_msgs::msg::TwistStamped>(
[8.484s]       |             [01;31m[K^~~~~~~~~~~~~[m[K
[8.484s]       |             [32m[Krcl_subscription_t[m[K
[8.485s] [01m[K/home/ubuntu/NPRPS_Ros/Camero_VRPN/src/move_forward.cpp:15:75:[m[K [01;31m[Kerror: [m[Kâ€˜[01m[KTwistStamped[m[Kâ€™ is not a member of â€˜[01m[Kgeometry_msgs::msg[m[Kâ€™; did you mean â€˜[01m[KPoseStamped[m[Kâ€™?
[8.486s]    15 |             subscription_ = this->create_subscription<geometry_msgs::msg::[01;31m[KTwistStamped[m[K>(
[8.486s]       |                                                                           [01;31m[K^~~~~~~~~~~~[m[K
[8.487s]       |                                                                           [32m[KPoseStamped[m[K
[8.512s] [01m[K/home/ubuntu/NPRPS_Ros/Camero_VRPN/src/move_forward.cpp:17:13:[m[K [01;31m[Kerror: [m[Kno matching function for call to â€˜[01m[KMotion::create_subscription<<expression error> >(const char [17], int, std::_Bind_helper<false, void (Motion::*)(int), Motion*, const std::_Placeholder<1>&>::type)[m[Kâ€™
[8.513s]    17 |             [01;31m[K)[m[K;
[8.513s]       |             [01;31m[K^[m[K
[8.514s] In file included from [01m[K/opt/ros/galactic/include/rclcpp/executors/single_threaded_executor.hpp:28[m[K,
[8.514s]                  from [01m[K/opt/ros/galactic/include/rclcpp/executors.hpp:22[m[K,
[8.515s]                  from [01m[K/opt/ros/galactic/include/rclcpp/rclcpp.hpp:156[m[K,
[8.515s]                  from [01m[K/home/ubuntu/NPRPS_Ros/Camero_VRPN/src/move_forward.cpp:1[m[K:
[8.515s] [01m[K/opt/ros/galactic/include/rclcpp/node.hpp:229:3:[m[K [01;36m[Knote: [m[Kcandidate: â€˜[01m[Ktemplate<class MessageT, class CallbackT, class AllocatorT, class CallbackMessageT, class SubscriptionT, class MessageMemoryStrategyT> std::shared_ptr<SubscriptionT> rclcpp::Node::create_subscription(const string&, const rclcpp::QoS&, CallbackT&&, const rclcpp::SubscriptionOptionsWithAllocator<AllocatorT>&, typename MessageMemoryStrategyT::SharedPtr)[m[Kâ€™
[8.516s]   229 |   [01;36m[Kcreate_subscription[m[K(
[8.516s]       |   [01;36m[K^~~~~~~~~~~~~~~~~~~[m[K
[8.517s] [01m[K/opt/ros/galactic/include/rclcpp/node.hpp:229:3:[m[K [01;36m[Knote: [m[K  template argument deduction/substitution failed:
[8.519s] [01m[K/home/ubuntu/NPRPS_Ros/Camero_VRPN/src/move_forward.cpp:17:13:[m[K [01;31m[Kerror: [m[Ktemplate argument 1 is invalid
[8.519s]    17 |             [01;31m[K)[m[K;
[8.520s]       |             [01;31m[K^[m[K
[8.526s] [01m[K/home/ubuntu/NPRPS_Ros/Camero_VRPN/src/move_forward.cpp:[m[K In member function â€˜[01m[Kvoid Motion::topic_callback(int)[m[Kâ€™:
[8.526s] [01m[K/home/ubuntu/NPRPS_Ros/Camero_VRPN/src/move_forward.cpp:25:13:[m[K [01;31m[Kerror: [m[Kâ€˜[01m[Kreal_PoseStampd[m[Kâ€™ was not declared in this scope
[8.527s]    25 |             [01;31m[Kreal_PoseStampd[m[K = message;
[8.528s]       |             [01;31m[K^~~~~~~~~~~~~~~[m[K
[8.531s] In file included from [01m[K/opt/ros/galactic/include/rclcpp/client.hpp:40[m[K,
[8.532s]                  from [01m[K/opt/ros/galactic/include/rclcpp/callback_group.hpp:23[m[K,
[8.533s]                  from [01m[K/opt/ros/galactic/include/rclcpp/any_executable.hpp:20[m[K,
[8.533s]                  from [01m[K/opt/ros/galactic/include/rclcpp/memory_strategy.hpp:25[m[K,
[8.534s]                  from [01m[K/opt/ros/galactic/include/rclcpp/memory_strategies.hpp:18[m[K,
[8.534s]                  from [01m[K/opt/ros/galactic/include/rclcpp/executor_options.hpp:20[m[K,
[8.535s]                  from [01m[K/opt/ros/galactic/include/rclcpp/executor.hpp:36[m[K,
[8.535s]                  from [01m[K/opt/ros/galactic/include/rclcpp/executors/multi_threaded_executor.hpp:26[m[K,
[8.535s]                  from [01m[K/opt/ros/galactic/include/rclcpp/executors.hpp:21[m[K,
[8.536s]                  from [01m[K/opt/ros/galactic/include/rclcpp/rclcpp.hpp:156[m[K,
[8.537s]                  from [01m[K/home/ubuntu/NPRPS_Ros/Camero_VRPN/src/move_forward.cpp:1[m[K:
[8.537s] [01m[K/home/ubuntu/NPRPS_Ros/Camero_VRPN/src/move_forward.cpp:28:13:[m[K [01;31m[Kerror: [m[Kexpected primary-expression before â€˜[01m[K)[m[Kâ€™ token
[8.538s]    28 |             [01;31m[KRCLCPP_INFO[m[K(this->get_logger(),"Velocity is %f \n", );
[8.538s]       |             [01;31m[K^~~~~~~~~~~[m[K
[8.539s] [01m[K/home/ubuntu/NPRPS_Ros/Camero_VRPN/src/move_forward.cpp:26:19:[m[K [01;35m[Kwarning: [m[Kunused variable â€˜[01m[Kvelocity_value[m[Kâ€™ [[01;35m[K-Wunused-variable[m[K]
[8.539s]    26 |             float [01;35m[Kvelocity_value[m[K = velocityCalculator(real_PoseStampd.twist.linear.x, real_PoseStampd.twist.linear.y);
[8.540s]       |                   [01;35m[K^~~~~~~~~~~~~~[m[K
[8.544s] [01m[K/home/ubuntu/NPRPS_Ros/Camero_VRPN/src/move_forward.cpp:[m[K In member function â€˜[01m[Kvoid Motion::motion_move()[m[Kâ€™:
[8.545s] [01m[K/home/ubuntu/NPRPS_Ros/Camero_VRPN/src/move_forward.cpp:40:20:[m[K [01;31m[Kerror: [m[Kâ€˜[01m[Kreal_PoseStampd[m[Kâ€™ was not declared in this scope
[8.546s]    40 |                 if([01;31m[Kreal_PoseStampd[m[K.pose.position.x < 3.0){
[8.546s]       |                    [01;31m[K^~~~~~~~~~~~~~~[m[K
[10.279s] make[2]: *** [CMakeFiles/move_forward.dir/build.make:63: CMakeFiles/move_forward.dir/src/move_forward.cpp.o] Error 1
[10.280s] make[1]: *** [CMakeFiles/Makefile2:105: CMakeFiles/move_forward.dir/all] Error 2
[10.281s] make: *** [Makefile:141: all] Error 2
[10.288s] Invoked command in '/home/ubuntu/NPRPS_Ros/Camero_VRPN/build/Camero_VRPN' returned '2': /usr/bin/cmake --build /home/ubuntu/NPRPS_Ros/Camero_VRPN/build/Camero_VRPN -- -j4 -l4
