[35m[1mScanning dependencies of target move_forward[0m
[ 50%] [32mBuilding CXX object CMakeFiles/move_forward.dir/src/move_forward.cpp.o[0m
[01m[K/home/ubuntu/NPRPS_Ros/Camero_VRPN/src/move_forward.cpp:[m[K In member function â€˜[01m[Kvoid Motion::topic_callback(geometry_msgs::msg::PoseStamped)[m[Kâ€™:
[01m[K/home/ubuntu/NPRPS_Ros/Camero_VRPN/src/move_forward.cpp:26:71:[m[K [01;31m[Kerror: [m[Kâ€˜[01m[Kusing PoseStamped = struct geometry_msgs::msg::PoseStamped_<std::allocator<void> >[m[Kâ€™ {aka â€˜[01m[Kstruct geometry_msgs::msg::PoseStamped_<std::allocator<void> >[m[Kâ€™} has no member named â€˜[01m[Ktwist[m[Kâ€™
   26 |             float velocity_value = velocityCalculator(real_PoseStampd.[01;31m[Ktwist[m[K.linear.x, real_PoseStampd.twist.linear.y);
      |                                                                       [01;31m[K^~~~~[m[K
[01m[K/home/ubuntu/NPRPS_Ros/Camero_VRPN/src/move_forward.cpp:26:103:[m[K [01;31m[Kerror: [m[Kâ€˜[01m[Kusing PoseStamped = struct geometry_msgs::msg::PoseStamped_<std::allocator<void> >[m[Kâ€™ {aka â€˜[01m[Kstruct geometry_msgs::msg::PoseStamped_<std::allocator<void> >[m[Kâ€™} has no member named â€˜[01m[Ktwist[m[Kâ€™
   26 |    float velocity_value = velocityCalculator(real_PoseStampd.twist.linear.x, real_PoseStampd.[01;31m[Ktwist[m[K.linear.y);
      |                                                                                              [01;31m[K^~~~~[m[K

[01m[K/home/ubuntu/NPRPS_Ros/Camero_VRPN/src/move_forward.cpp:28:64:[m[K [01;31m[Kerror: [m[Kexpected primary-expression before â€˜[01m[K)[m[Kâ€™ token
   28 |             RCLPP_INFO(this->get_logger(),"Velocity is %f \n", [01;31m[K)[m[K;
      |                                                                [01;31m[K^[m[K
[01m[K/home/ubuntu/NPRPS_Ros/Camero_VRPN/src/move_forward.cpp:28:13:[m[K [01;31m[Kerror: [m[Kâ€˜[01m[KRCLPP_INFO[m[Kâ€™ was not declared in this scope; did you mean â€˜[01m[KRCLCPP_INFO[m[Kâ€™?
   28 |             [01;31m[KRCLPP_INFO[m[K(this->get_logger(),"Velocity is %f \n", );
      |             [01;31m[K^~~~~~~~~~[m[K
      |             [32m[KRCLCPP_INFO[m[K
[01m[K/home/ubuntu/NPRPS_Ros/Camero_VRPN/src/move_forward.cpp:26:19:[m[K [01;35m[Kwarning: [m[Kunused variable â€˜[01m[Kvelocity_value[m[Kâ€™ [[01;35m[K-Wunused-variable[m[K]
   26 |             float [01;35m[Kvelocity_value[m[K = velocityCalculator(real_PoseStampd.twist.linear.x, real_PoseStampd.twist.linear.y);
      |                   [01;35m[K^~~~~~~~~~~~~~[m[K
make[2]: *** [CMakeFiles/move_forward.dir/build.make:63: CMakeFiles/move_forward.dir/src/move_forward.cpp.o] Error 1
make[1]: *** [CMakeFiles/Makefile2:105: CMakeFiles/move_forward.dir/all] Error 2
make: *** [Makefile:141: all] Error 2
