[0.075s] Invoking command in '/home/ubuntu/NPRPS_Ros/Camero_VRPN/build/Camero_VRPN': /usr/bin/cmake --build /home/ubuntu/NPRPS_Ros/Camero_VRPN/build/Camero_VRPN -- -j4 -l4
[0.702s] [35m[1mScanning dependencies of target move_forward[0m
[0.927s] [ 50%] [32mBuilding CXX object CMakeFiles/move_forward.dir/src/move_forward.cpp.o[0m
[9.749s] [01m[K/home/ubuntu/NPRPS_Ros/Camero_VRPN/src/move_forward.cpp:[m[K In member function â€˜[01m[Kvoid Motion::topic_callback(geometry_msgs::msg::PoseStamped)[m[Kâ€™:
[9.750s] [01m[K/home/ubuntu/NPRPS_Ros/Camero_VRPN/src/move_forward.cpp:26:71:[m[K [01;31m[Kerror: [m[Kâ€˜[01m[Kusing PoseStamped = struct geometry_msgs::msg::PoseStamped_<std::allocator<void> >[m[Kâ€™ {aka â€˜[01m[Kstruct geometry_msgs::msg::PoseStamped_<std::allocator<void> >[m[Kâ€™} has no member named â€˜[01m[Ktwist[m[Kâ€™
[9.750s]    26 |             float velocity_value = velocityCalculator(real_PoseStampd.[01;31m[Ktwist[m[K.linear.x, real_PoseStampd.twist.linear.y);
[9.751s]       |                                                                       [01;31m[K^~~~~[m[K
[9.752s] [01m[K/home/ubuntu/NPRPS_Ros/Camero_VRPN/src/move_forward.cpp:26:103:[m[K [01;31m[Kerror: [m[Kâ€˜[01m[Kusing PoseStamped = struct geometry_msgs::msg::PoseStamped_<std::allocator<void> >[m[Kâ€™ {aka â€˜[01m[Kstruct geometry_msgs::msg::PoseStamped_<std::allocator<void> >[m[Kâ€™} has no member named â€˜[01m[Ktwist[m[Kâ€™
[9.753s]    26 |    float velocity_value = velocityCalculator(real_PoseStampd.twist.linear.x, real_PoseStampd.[01;31m[Ktwist[m[K.linear.y);
[9.753s]       |                                                                                              [01;31m[K^~~~~[m[K
[9.754s] 
[9.754s] [01m[K/home/ubuntu/NPRPS_Ros/Camero_VRPN/src/move_forward.cpp:28:64:[m[K [01;31m[Kerror: [m[Kexpected primary-expression before â€˜[01m[K)[m[Kâ€™ token
[9.755s]    28 |             RCLPP_INFO(this->get_logger(),"Velocity is %f \n", [01;31m[K)[m[K;
[9.755s]       |                                                                [01;31m[K^[m[K
[9.761s] [01m[K/home/ubuntu/NPRPS_Ros/Camero_VRPN/src/move_forward.cpp:28:13:[m[K [01;31m[Kerror: [m[Kâ€˜[01m[KRCLPP_INFO[m[Kâ€™ was not declared in this scope; did you mean â€˜[01m[KRCLCPP_INFO[m[Kâ€™?
[9.761s]    28 |             [01;31m[KRCLPP_INFO[m[K(this->get_logger(),"Velocity is %f \n", );
[9.762s]       |             [01;31m[K^~~~~~~~~~[m[K
[9.762s]       |             [32m[KRCLCPP_INFO[m[K
[9.763s] [01m[K/home/ubuntu/NPRPS_Ros/Camero_VRPN/src/move_forward.cpp:26:19:[m[K [01;35m[Kwarning: [m[Kunused variable â€˜[01m[Kvelocity_value[m[Kâ€™ [[01;35m[K-Wunused-variable[m[K]
[9.764s]    26 |             float [01;35m[Kvelocity_value[m[K = velocityCalculator(real_PoseStampd.twist.linear.x, real_PoseStampd.twist.linear.y);
[9.764s]       |                   [01;35m[K^~~~~~~~~~~~~~[m[K
[17.695s] make[2]: *** [CMakeFiles/move_forward.dir/build.make:63: CMakeFiles/move_forward.dir/src/move_forward.cpp.o] Error 1
[17.696s] make[1]: *** [CMakeFiles/Makefile2:105: CMakeFiles/move_forward.dir/all] Error 2
[17.697s] make: *** [Makefile:141: all] Error 2
[17.703s] Invoked command in '/home/ubuntu/NPRPS_Ros/Camero_VRPN/build/Camero_VRPN' returned '2': /usr/bin/cmake --build /home/ubuntu/NPRPS_Ros/Camero_VRPN/build/Camero_VRPN -- -j4 -l4
